[?1034hStarting submission
BprimeBprime_M-1000_TuneCUETP8M1_13TeV-madgraph-pythia8_1_hadd.root
rawname:  BprimeBprime_M-1000_TuneCUETP8M1_13TeV-madgraph-pythia8_1_hadd
jdfname:  /uscms_data/d3/bburgsta/step2Jobs//BprimeBprime_M-1000_TuneCUETP8M1_13TeV-madgraph-pythia8_1_hadd.job
Submitting job(s).
1 job(s) submitted to cluster 64918689.
Querying the CMS LPC pool and trying to find an available schedd...

Attempting to submit jobs to lpcschedd3.fnal.gov

1 jobs submitted!!!
BprimeBprime_M-1000_TuneCUETP8M1_13TeV-madgraph-pythia8_2_hadd.root
rawname:  BprimeBprime_M-1000_TuneCUETP8M1_13TeV-madgraph-pythia8_2_hadd
jdfname:  /uscms_data/d3/bburgsta/step2Jobs//BprimeBprime_M-1000_TuneCUETP8M1_13TeV-madgraph-pythia8_2_hadd.job
Submitting job(s).
1 job(s) submitted to cluster 64918690.
Querying the CMS LPC pool and trying to find an available schedd...

Attempting to submit jobs to lpcschedd3.fnal.gov

2 jobs submitted!!!
BprimeBprime_M-1000_TuneCUETP8M1_13TeV-madgraph-pythia8_3_hadd.root
rawname:  BprimeBprime_M-1000_TuneCUETP8M1_13TeV-madgraph-pythia8_3_hadd
jdfname:  /uscms_data/d3/bburgsta/step2Jobs//BprimeBprime_M-1000_TuneCUETP8M1_13TeV-madgraph-pythia8_3_hadd.job
Submitting job(s).
1 job(s) submitted to cluster 64918691.
Querying the CMS LPC pool and trying to find an available schedd...

Attempting to submit jobs to lpcschedd3.fnal.gov

3 jobs submitted!!!
BprimeBprime_M-1000_TuneCUETP8M1_13TeV-madgraph-pythia8_4_hadd.root
rawname:  BprimeBprime_M-1000_TuneCUETP8M1_13TeV-madgraph-pythia8_4_hadd
jdfname:  /uscms_data/d3/bburgsta/step2Jobs//BprimeBprime_M-1000_TuneCUETP8M1_13TeV-madgraph-pythia8_4_hadd.job
Submitting job(s).
1 job(s) submitted to cluster 64918692.
Querying the CMS LPC pool and trying to find an available schedd...

Attempting to submit jobs to lpcschedd3.fnal.gov

4 jobs submitted!!!
BprimeBprime_M-1800_TuneCUETP8M1_13TeV-madgraph-pythia8_1_hadd.root
rawname:  BprimeBprime_M-1800_TuneCUETP8M1_13TeV-madgraph-pythia8_1_hadd
jdfname:  /uscms_data/d3/bburgsta/step2Jobs//BprimeBprime_M-1800_TuneCUETP8M1_13TeV-madgraph-pythia8_1_hadd.job
Submitting job(s).
1 job(s) submitted to cluster 64918693.
Querying the CMS LPC pool and trying to find an available schedd...

Attempting to submit jobs to lpcschedd3.fnal.gov

5 jobs submitted!!!
BprimeBprime_M-1800_TuneCUETP8M1_13TeV-madgraph-pythia8_2_hadd.root
rawname:  BprimeBprime_M-1800_TuneCUETP8M1_13TeV-madgraph-pythia8_2_hadd
jdfname:  /uscms_data/d3/bburgsta/step2Jobs//BprimeBprime_M-1800_TuneCUETP8M1_13TeV-madgraph-pythia8_2_hadd.job
Submitting job(s).
1 job(s) submitted to cluster 64918694.
Querying the CMS LPC pool and trying to find an available schedd...

Attempting to submit jobs to lpcschedd3.fnal.gov

6 jobs submitted!!!
BprimeBprime_M-1800_TuneCUETP8M1_13TeV-madgraph-pythia8_3_hadd.root
rawname:  BprimeBprime_M-1800_TuneCUETP8M1_13TeV-madgraph-pythia8_3_hadd
jdfname:  /uscms_data/d3/bburgsta/step2Jobs//BprimeBprime_M-1800_TuneCUETP8M1_13TeV-madgraph-pythia8_3_hadd.job
Submitting job(s).
1 job(s) submitted to cluster 64918695.
Querying the CMS LPC pool and trying to find an available schedd...

Attempting to submit jobs to lpcschedd3.fnal.gov

7 jobs submitted!!!
BprimeBprime_M-1800_TuneCUETP8M1_13TeV-madgraph-pythia8_4_hadd.root
rawname:  BprimeBprime_M-1800_TuneCUETP8M1_13TeV-madgraph-pythia8_4_hadd
jdfname:  /uscms_data/d3/bburgsta/step2Jobs//BprimeBprime_M-1800_TuneCUETP8M1_13TeV-madgraph-pythia8_4_hadd.job
Submitting job(s).
1 job(s) submitted to cluster 64918696.
Querying the CMS LPC pool and trying to find an available schedd...

Attempting to submit jobs to lpcschedd3.fnal.gov

8 jobs submitted!!!
BprimeBprime_M-900_TuneCUETP8M1_13TeV-madgraph-pythia8_1_hadd.root
rawname:  BprimeBprime_M-900_TuneCUETP8M1_13TeV-madgraph-pythia8_1_hadd
jdfname:  /uscms_data/d3/bburgsta/step2Jobs//BprimeBprime_M-900_TuneCUETP8M1_13TeV-madgraph-pythia8_1_hadd.job
Submitting job(s).
1 job(s) submitted to cluster 64918697.
Querying the CMS LPC pool and trying to find an available schedd...

Attempting to submit jobs to lpcschedd3.fnal.gov

9 jobs submitted!!!
BprimeBprime_M-900_TuneCUETP8M1_13TeV-madgraph-pythia8_2_hadd.root
rawname:  BprimeBprime_M-900_TuneCUETP8M1_13TeV-madgraph-pythia8_2_hadd
jdfname:  /uscms_data/d3/bburgsta/step2Jobs//BprimeBprime_M-900_TuneCUETP8M1_13TeV-madgraph-pythia8_2_hadd.job
Submitting job(s).
1 job(s) submitted to cluster 64918698.
Querying the CMS LPC pool and trying to find an available schedd...

Attempting to submit jobs to lpcschedd3.fnal.gov

10 jobs submitted!!!
BprimeBprime_M-900_TuneCUETP8M1_13TeV-madgraph-pythia8_3_hadd.root
rawname:  BprimeBprime_M-900_TuneCUETP8M1_13TeV-madgraph-pythia8_3_hadd
jdfname:  /uscms_data/d3/bburgsta/step2Jobs//BprimeBprime_M-900_TuneCUETP8M1_13TeV-madgraph-pythia8_3_hadd.job
Submitting job(s).
1 job(s) submitted to cluster 64918699.
Querying the CMS LPC pool and trying to find an available schedd...

Attempting to submit jobs to lpcschedd3.fnal.gov

11 jobs submitted!!!
BprimeBprime_M-900_TuneCUETP8M1_13TeV-madgraph-pythia8_4_hadd.root
rawname:  BprimeBprime_M-900_TuneCUETP8M1_13TeV-madgraph-pythia8_4_hadd
jdfname:  /uscms_data/d3/bburgsta/step2Jobs//BprimeBprime_M-900_TuneCUETP8M1_13TeV-madgraph-pythia8_4_hadd.job
Submitting job(s).
1 job(s) submitted to cluster 64918700.
Querying the CMS LPC pool and trying to find an available schedd...

Attempting to submit jobs to lpcschedd3.fnal.gov

12 jobs submitted!!!
TTJets_SingleLeptFromT_TuneCUETP8M1_13TeV-madgraphMLM-pythia8_1_hadd.root
rawname:  TTJets_SingleLeptFromT_TuneCUETP8M1_13TeV-madgraphMLM-pythia8_1_hadd
jdfname:  /uscms_data/d3/bburgsta/step2Jobs//TTJets_SingleLeptFromT_TuneCUETP8M1_13TeV-madgraphMLM-pythia8_1_hadd.job
Submitting job(s).
1 job(s) submitted to cluster 64918701.
Querying the CMS LPC pool and trying to find an available schedd...

Attempting to submit jobs to lpcschedd3.fnal.gov

13 jobs submitted!!!
TTJets_SingleLeptFromT_TuneCUETP8M1_13TeV-madgraphMLM-pythia8_2_hadd.root
rawname:  TTJets_SingleLeptFromT_TuneCUETP8M1_13TeV-madgraphMLM-pythia8_2_hadd
jdfname:  /uscms_data/d3/bburgsta/step2Jobs//TTJets_SingleLeptFromT_TuneCUETP8M1_13TeV-madgraphMLM-pythia8_2_hadd.job
Submitting job(s).
1 job(s) submitted to cluster 64918702.
Querying the CMS LPC pool and trying to find an available schedd...

Attempting to submit jobs to lpcschedd3.fnal.gov

14 jobs submitted!!!
TTJets_SingleLeptFromT_TuneCUETP8M1_13TeV-madgraphMLM-pythia8_3_hadd.root
rawname:  TTJets_SingleLeptFromT_TuneCUETP8M1_13TeV-madgraphMLM-pythia8_3_hadd
jdfname:  /uscms_data/d3/bburgsta/step2Jobs//TTJets_SingleLeptFromT_TuneCUETP8M1_13TeV-madgraphMLM-pythia8_3_hadd.job
Submitting job(s).
1 job(s) submitted to cluster 64918703.
Querying the CMS LPC pool and trying to find an available schedd...

Attempting to submit jobs to lpcschedd3.fnal.gov

15 jobs submitted!!!
TTJets_SingleLeptFromT_TuneCUETP8M1_13TeV-madgraphMLM-pythia8_4_hadd.root
rawname:  TTJets_SingleLeptFromT_TuneCUETP8M1_13TeV-madgraphMLM-pythia8_4_hadd
jdfname:  /uscms_data/d3/bburgsta/step2Jobs//TTJets_SingleLeptFromT_TuneCUETP8M1_13TeV-madgraphMLM-pythia8_4_hadd.job
Submitting job(s).
1 job(s) submitted to cluster 64918704.
Querying the CMS LPC pool and trying to find an available schedd...

Attempting to submit jobs to lpcschedd3.fnal.gov

16 jobs submitted!!!
TTJets_SingleLeptFromT_TuneCUETP8M1_13TeV-madgraphMLM-pythia8_5_hadd.root
rawname:  TTJets_SingleLeptFromT_TuneCUETP8M1_13TeV-madgraphMLM-pythia8_5_hadd
jdfname:  /uscms_data/d3/bburgsta/step2Jobs//TTJets_SingleLeptFromT_TuneCUETP8M1_13TeV-madgraphMLM-pythia8_5_hadd.job
Submitting job(s).
1 job(s) submitted to cluster 64918705.
Querying the CMS LPC pool and trying to find an available schedd...

Attempting to submit jobs to lpcschedd3.fnal.gov

17 jobs submitted!!!
TTJets_SingleLeptFromT_TuneCUETP8M1_13TeV-madgraphMLM-pythia8_6_hadd.root
rawname:  TTJets_SingleLeptFromT_TuneCUETP8M1_13TeV-madgraphMLM-pythia8_6_hadd
jdfname:  /uscms_data/d3/bburgsta/step2Jobs//TTJets_SingleLeptFromT_TuneCUETP8M1_13TeV-madgraphMLM-pythia8_6_hadd.job
Submitting job(s).
1 job(s) submitted to cluster 64918706.
Querying the CMS LPC pool and trying to find an available schedd...

Attempting to submit jobs to lpcschedd3.fnal.gov

18 jobs submitted!!!
TTJets_SingleLeptFromTbar_TuneCUETP8M1_13TeV-madgraphMLM-pythia8_1_hadd.root
rawname:  TTJets_SingleLeptFromTbar_TuneCUETP8M1_13TeV-madgraphMLM-pythia8_1_hadd
jdfname:  /uscms_data/d3/bburgsta/step2Jobs//TTJets_SingleLeptFromTbar_TuneCUETP8M1_13TeV-madgraphMLM-pythia8_1_hadd.job
Submitting job(s).
1 job(s) submitted to cluster 64918707.
Querying the CMS LPC pool and trying to find an available schedd...

Attempting to submit jobs to lpcschedd3.fnal.gov

19 jobs submitted!!!
TTJets_SingleLeptFromTbar_TuneCUETP8M1_13TeV-madgraphMLM-pythia8_2_hadd.root
rawname:  TTJets_SingleLeptFromTbar_TuneCUETP8M1_13TeV-madgraphMLM-pythia8_2_hadd
jdfname:  /uscms_data/d3/bburgsta/step2Jobs//TTJets_SingleLeptFromTbar_TuneCUETP8M1_13TeV-madgraphMLM-pythia8_2_hadd.job
Submitting job(s).
1 job(s) submitted to cluster 64918708.
Querying the CMS LPC pool and trying to find an available schedd...

Attempting to submit jobs to lpcschedd3.fnal.gov

20 jobs submitted!!!
TprimeTprime_M-1000_TuneCUETP8M1_13TeV-madgraph-pythia8_1_hadd.root
rawname:  TprimeTprime_M-1000_TuneCUETP8M1_13TeV-madgraph-pythia8_1_hadd
jdfname:  /uscms_data/d3/bburgsta/step2Jobs//TprimeTprime_M-1000_TuneCUETP8M1_13TeV-madgraph-pythia8_1_hadd.job
Submitting job(s).
1 job(s) submitted to cluster 64918709.
Querying the CMS LPC pool and trying to find an available schedd...

Attempting to submit jobs to lpcschedd3.fnal.gov

21 jobs submitted!!!
TprimeTprime_M-1000_TuneCUETP8M1_13TeV-madgraph-pythia8_2_hadd.root
rawname:  TprimeTprime_M-1000_TuneCUETP8M1_13TeV-madgraph-pythia8_2_hadd
jdfname:  /uscms_data/d3/bburgsta/step2Jobs//TprimeTprime_M-1000_TuneCUETP8M1_13TeV-madgraph-pythia8_2_hadd.job
Submitting job(s).
1 job(s) submitted to cluster 64918710.
Querying the CMS LPC pool and trying to find an available schedd...

Attempting to submit jobs to lpcschedd3.fnal.gov

22 jobs submitted!!!
TprimeTprime_M-1000_TuneCUETP8M1_13TeV-madgraph-pythia8_3_hadd.root
rawname:  TprimeTprime_M-1000_TuneCUETP8M1_13TeV-madgraph-pythia8_3_hadd
jdfname:  /uscms_data/d3/bburgsta/step2Jobs//TprimeTprime_M-1000_TuneCUETP8M1_13TeV-madgraph-pythia8_3_hadd.job
Submitting job(s).
1 job(s) submitted to cluster 64918711.
Querying the CMS LPC pool and trying to find an available schedd...

Attempting to submit jobs to lpcschedd3.fnal.gov

23 jobs submitted!!!
TprimeTprime_M-1000_TuneCUETP8M1_13TeV-madgraph-pythia8_4_hadd.root
rawname:  TprimeTprime_M-1000_TuneCUETP8M1_13TeV-madgraph-pythia8_4_hadd
jdfname:  /uscms_data/d3/bburgsta/step2Jobs//TprimeTprime_M-1000_TuneCUETP8M1_13TeV-madgraph-pythia8_4_hadd.job
Submitting job(s).
1 job(s) submitted to cluster 64918712.
Querying the CMS LPC pool and trying to find an available schedd...

Attempting to submit jobs to lpcschedd3.fnal.gov

24 jobs submitted!!!
TprimeTprime_M-1800_TuneCUETP8M1_13TeV-madgraph-pythia8_1_hadd.root
rawname:  TprimeTprime_M-1800_TuneCUETP8M1_13TeV-madgraph-pythia8_1_hadd
jdfname:  /uscms_data/d3/bburgsta/step2Jobs//TprimeTprime_M-1800_TuneCUETP8M1_13TeV-madgraph-pythia8_1_hadd.job
Submitting job(s).
1 job(s) submitted to cluster 64918713.
Querying the CMS LPC pool and trying to find an available schedd...

Attempting to submit jobs to lpcschedd3.fnal.gov

25 jobs submitted!!!
TprimeTprime_M-1800_TuneCUETP8M1_13TeV-madgraph-pythia8_2_hadd.root
rawname:  TprimeTprime_M-1800_TuneCUETP8M1_13TeV-madgraph-pythia8_2_hadd
jdfname:  /uscms_data/d3/bburgsta/step2Jobs//TprimeTprime_M-1800_TuneCUETP8M1_13TeV-madgraph-pythia8_2_hadd.job
Submitting job(s).
1 job(s) submitted to cluster 64918714.
Querying the CMS LPC pool and trying to find an available schedd...

Attempting to submit jobs to lpcschedd3.fnal.gov

26 jobs submitted!!!
TprimeTprime_M-1800_TuneCUETP8M1_13TeV-madgraph-pythia8_3_hadd.root
rawname:  TprimeTprime_M-1800_TuneCUETP8M1_13TeV-madgraph-pythia8_3_hadd
jdfname:  /uscms_data/d3/bburgsta/step2Jobs//TprimeTprime_M-1800_TuneCUETP8M1_13TeV-madgraph-pythia8_3_hadd.job
Submitting job(s).
1 job(s) submitted to cluster 64918715.
Querying the CMS LPC pool and trying to find an available schedd...

Attempting to submit jobs to lpcschedd3.fnal.gov

27 jobs submitted!!!
TprimeTprime_M-1800_TuneCUETP8M1_13TeV-madgraph-pythia8_4_hadd.root
rawname:  TprimeTprime_M-1800_TuneCUETP8M1_13TeV-madgraph-pythia8_4_hadd
jdfname:  /uscms_data/d3/bburgsta/step2Jobs//TprimeTprime_M-1800_TuneCUETP8M1_13TeV-madgraph-pythia8_4_hadd.job
Submitting job(s).
1 job(s) submitted to cluster 64918716.
Querying the CMS LPC pool and trying to find an available schedd...

Attempting to submit jobs to lpcschedd3.fnal.gov

28 jobs submitted!!!
TprimeTprime_M-900_TuneCUETP8M1_13TeV-madgraph-pythia8_1_hadd.root
rawname:  TprimeTprime_M-900_TuneCUETP8M1_13TeV-madgraph-pythia8_1_hadd
jdfname:  /uscms_data/d3/bburgsta/step2Jobs//TprimeTprime_M-900_TuneCUETP8M1_13TeV-madgraph-pythia8_1_hadd.job
Submitting job(s).
1 job(s) submitted to cluster 64918717.
Querying the CMS LPC pool and trying to find an available schedd...

Attempting to submit jobs to lpcschedd3.fnal.gov

29 jobs submitted!!!
TprimeTprime_M-900_TuneCUETP8M1_13TeV-madgraph-pythia8_2_hadd.root
rawname:  TprimeTprime_M-900_TuneCUETP8M1_13TeV-madgraph-pythia8_2_hadd
jdfname:  /uscms_data/d3/bburgsta/step2Jobs//TprimeTprime_M-900_TuneCUETP8M1_13TeV-madgraph-pythia8_2_hadd.job
Submitting job(s).
1 job(s) submitted to cluster 64918718.
Querying the CMS LPC pool and trying to find an available schedd...

Attempting to submit jobs to lpcschedd3.fnal.gov

30 jobs submitted!!!
TprimeTprime_M-900_TuneCUETP8M1_13TeV-madgraph-pythia8_3_hadd.root
rawname:  TprimeTprime_M-900_TuneCUETP8M1_13TeV-madgraph-pythia8_3_hadd
jdfname:  /uscms_data/d3/bburgsta/step2Jobs//TprimeTprime_M-900_TuneCUETP8M1_13TeV-madgraph-pythia8_3_hadd.job
Submitting job(s).
1 job(s) submitted to cluster 64918719.
Querying the CMS LPC pool and trying to find an available schedd...

Attempting to submit jobs to lpcschedd3.fnal.gov

31 jobs submitted!!!
TprimeTprime_M-900_TuneCUETP8M1_13TeV-madgraph-pythia8_4_hadd.root
rawname:  TprimeTprime_M-900_TuneCUETP8M1_13TeV-madgraph-pythia8_4_hadd
jdfname:  /uscms_data/d3/bburgsta/step2Jobs//TprimeTprime_M-900_TuneCUETP8M1_13TeV-madgraph-pythia8_4_hadd.job
Submitting job(s).
1 job(s) submitted to cluster 64918720.
Querying the CMS LPC pool and trying to find an available schedd...

Attempting to submit jobs to lpcschedd3.fnal.gov

32 jobs submitted!!!
WJetsToLNu_HT-1200To2500_TuneCUETP8M1_13TeV-madgraphMLM-pythia8_1_hadd.root
rawname:  WJetsToLNu_HT-1200To2500_TuneCUETP8M1_13TeV-madgraphMLM-pythia8_1_hadd
jdfname:  /uscms_data/d3/bburgsta/step2Jobs//WJetsToLNu_HT-1200To2500_TuneCUETP8M1_13TeV-madgraphMLM-pythia8_1_hadd.job
Submitting job(s).
1 job(s) submitted to cluster 64918721.
Querying the CMS LPC pool and trying to find an available schedd...

Attempting to submit jobs to lpcschedd3.fnal.gov

33 jobs submitted!!!
WJetsToLNu_HT-1200To2500_TuneCUETP8M1_13TeV-madgraphMLM-pythia8_2_hadd.root
rawname:  WJetsToLNu_HT-1200To2500_TuneCUETP8M1_13TeV-madgraphMLM-pythia8_2_hadd
jdfname:  /uscms_data/d3/bburgsta/step2Jobs//WJetsToLNu_HT-1200To2500_TuneCUETP8M1_13TeV-madgraphMLM-pythia8_2_hadd.job
Submitting job(s).
1 job(s) submitted to cluster 64918722.
Querying the CMS LPC pool and trying to find an available schedd...

Attempting to submit jobs to lpcschedd3.fnal.gov

34 jobs submitted!!!
WJetsToLNu_HT-2500ToInf_TuneCUETP8M1_13TeV-madgraphMLM-pythia8_hadd.root
rawname:  WJetsToLNu_HT-2500ToInf_TuneCUETP8M1_13TeV-madgraphMLM-pythia8_hadd
jdfname:  /uscms_data/d3/bburgsta/step2Jobs//WJetsToLNu_HT-2500ToInf_TuneCUETP8M1_13TeV-madgraphMLM-pythia8_hadd.job
Submitting job(s).
1 job(s) submitted to cluster 64918723.
Querying the CMS LPC pool and trying to find an available schedd...

Attempting to submit jobs to lpcschedd3.fnal.gov

35 jobs submitted!!!
WJetsToLNu_HT-400To600_TuneCUETP8M1_13TeV-madgraphMLM-pythia8_hadd.root
rawname:  WJetsToLNu_HT-400To600_TuneCUETP8M1_13TeV-madgraphMLM-pythia8_hadd
jdfname:  /uscms_data/d3/bburgsta/step2Jobs//WJetsToLNu_HT-400To600_TuneCUETP8M1_13TeV-madgraphMLM-pythia8_hadd.job
Submitting job(s).
1 job(s) submitted to cluster 64918724.
Querying the CMS LPC pool and trying to find an available schedd...

Attempting to submit jobs to lpcschedd3.fnal.gov

36 jobs submitted!!!
WJetsToLNu_HT-600To800_TuneCUETP8M1_13TeV-madgraphMLM-pythia8_1_hadd.root
rawname:  WJetsToLNu_HT-600To800_TuneCUETP8M1_13TeV-madgraphMLM-pythia8_1_hadd
jdfname:  /uscms_data/d3/bburgsta/step2Jobs//WJetsToLNu_HT-600To800_TuneCUETP8M1_13TeV-madgraphMLM-pythia8_1_hadd.job
Submitting job(s).
1 job(s) submitted to cluster 64918725.
Querying the CMS LPC pool and trying to find an available schedd...

Attempting to submit jobs to lpcschedd3.fnal.gov

37 jobs submitted!!!
WJetsToLNu_HT-600To800_TuneCUETP8M1_13TeV-madgraphMLM-pythia8_2_hadd.root
rawname:  WJetsToLNu_HT-600To800_TuneCUETP8M1_13TeV-madgraphMLM-pythia8_2_hadd
jdfname:  /uscms_data/d3/bburgsta/step2Jobs//WJetsToLNu_HT-600To800_TuneCUETP8M1_13TeV-madgraphMLM-pythia8_2_hadd.job
Submitting job(s).
1 job(s) submitted to cluster 64918726.
Querying the CMS LPC pool and trying to find an available schedd...

Attempting to submit jobs to lpcschedd3.fnal.gov

38 jobs submitted!!!
WJetsToLNu_HT-800To1200_TuneCUETP8M1_13TeV-madgraphMLM-pythia8_1_hadd.root
rawname:  WJetsToLNu_HT-800To1200_TuneCUETP8M1_13TeV-madgraphMLM-pythia8_1_hadd
jdfname:  /uscms_data/d3/bburgsta/step2Jobs//WJetsToLNu_HT-800To1200_TuneCUETP8M1_13TeV-madgraphMLM-pythia8_1_hadd.job
Submitting job(s).
1 job(s) submitted to cluster 64918727.
Querying the CMS LPC pool and trying to find an available schedd...

Attempting to submit jobs to lpcschedd3.fnal.gov

39 jobs submitted!!!
WJetsToLNu_HT-800To1200_TuneCUETP8M1_13TeV-madgraphMLM-pythia8_2_hadd.root
rawname:  WJetsToLNu_HT-800To1200_TuneCUETP8M1_13TeV-madgraphMLM-pythia8_2_hadd
jdfname:  /uscms_data/d3/bburgsta/step2Jobs//WJetsToLNu_HT-800To1200_TuneCUETP8M1_13TeV-madgraphMLM-pythia8_2_hadd.job
Submitting job(s).
1 job(s) submitted to cluster 64918728.
Querying the CMS LPC pool and trying to find an available schedd...

Attempting to submit jobs to lpcschedd3.fnal.gov

40 jobs submitted!!!
--- 0.575166666667 minutes ---
